Arguments: 
  C:\Program Files\nodejs\node.exe C:\Users\TP\AppData\Roaming\npm\node_modules\yarn\bin\yarn.js add inquirer

PATH: 
  C:\WINDOWS\system32;C:\WINDOWS;C:\WINDOWS\System32\Wbem;C:\WINDOWS\System32\WindowsPowerShell\v1.0\;C:\Program Files\Git\cmd;C:\WINDOWS\System32\OpenSSH\;C:\Program Files (x86)\Windows Kits\8.1\Windows Performance Toolkit\;C:\Program Files\nodejs\;C:\Users\TP\AppData\Local\Programs\Python\Python36-32\;C:\Users\TP\AppData\Local\Programs\Python\Python36-32\Scripts\;C:\Users\TP\AppData\Local\Microsoft\WindowsApps;D:\vscode\Microsoft VS Code\bin;C:\Users\TP\AppData\Roaming\npm;D:\fiddler;

Yarn version: 
  1.22.4

Node version: 
  12.16.3

Platform: 
  win32 x64

Trace: 
  Error: connect ENETUNREACH 104.16.27.35:443
      at TCPConnectWrap.afterConnect [as oncomplete] (net.js:1141:16)

npm manifest: 
  {
    "name": "he-cli",
    "version": "1.0.0",
    "main": "index.js",
    "bin": {
      "xr": "bin/cli.js",
      "xr-add": "bin/xr-add.js",
      "xr-delete": "bin/xr-delete.js",
      "xr-list": "bin/xr-list.js",
      "xr-init": "bin/xr-init.js"
    },
    "license": "MIT",
    "dependencies": {
      "commander": "^5.1.0"
    }
  }

yarn manifest: 
  No manifest

Lockfile: 
  # THIS IS AN AUTOGENERATED FILE. DO NOT EDIT THIS FILE DIRECTLY.
  # yarn lockfile v1
  
  
  commander@^5.1.0:
    version "5.1.0"
    resolved "https://registry.yarnpkg.com/commander/-/commander-5.1.0.tgz#46abbd1652f8e059bddaef99bbdcb2ad9cf179ae"
    integrity sha512-P0CysNDQ7rtVw4QIQtm+MRxV66vKFSvlsQvGYXZWR3qFU0jlMKHZZZgw8e+8DSah4UDKMqnknRDQz+xuQXQ/Zg==
